This file contains any messages produced by compilers while
running configure, to aid debugging if configure makes a mistake.

configure:676: checking host system type
configure:697: checking target system type
configure:715: checking build system type
configure:1308: checking for whoami
configure:1380: checking for i386-apple-darwin11.4.2 compiler
configure:1386: checking for gcc
configure:1432: checking whether the i386-apple-darwin11.4.2 compiler (gcc   ) works
configure:1441: gcc -c   conftest.c 1>&5
configure:1476: checking for /Applications/Xcode.app/Contents/Developer/Toolchains/XcodeDefault.xctoolchain/usr/bin/clang
configure:1510: checking for gcc
configure:1623: checking whether the C compiler (/Applications/Xcode.app/Contents/Developer/Toolchains/XcodeDefault.xctoolchain/usr/bin/clang -arch armv7 -miphoneos-version-min=5.1 -isysroot /Applications/Xcode.app/Contents/Developer/Platforms/iPhoneOS.platform/Developer/SDKs/iPhoneOS6.1.sdk -isysroot /Applications/Xcode.app/Contents/Developer/Platforms/iPhoneOS.platform/Developer/SDKs/iPhoneOS6.1.sdk   ) works
configure:1639: /Applications/Xcode.app/Contents/Developer/Toolchains/XcodeDefault.xctoolchain/usr/bin/clang -arch armv7 -miphoneos-version-min=5.1 -isysroot /Applications/Xcode.app/Contents/Developer/Platforms/iPhoneOS.platform/Developer/SDKs/iPhoneOS6.1.sdk -o conftest -isysroot /Applications/Xcode.app/Contents/Developer/Platforms/iPhoneOS.platform/Developer/SDKs/iPhoneOS6.1.sdk     conftest.c  1>&5
configure:1636:1: warning: type specifier missing, defaults to 'int' [-Wimplicit-int]
main(){return(0);}
^~~~
1 warning generated.
configure:1665: checking whether the C compiler (/Applications/Xcode.app/Contents/Developer/Toolchains/XcodeDefault.xctoolchain/usr/bin/clang -arch armv7 -miphoneos-version-min=5.1 -isysroot /Applications/Xcode.app/Contents/Developer/Platforms/iPhoneOS.platform/Developer/SDKs/iPhoneOS6.1.sdk -isysroot /Applications/Xcode.app/Contents/Developer/Platforms/iPhoneOS.platform/Developer/SDKs/iPhoneOS6.1.sdk   ) is a cross-compiler
configure:1670: checking whether we are using GNU C
configure:1698: checking whether /Applications/Xcode.app/Contents/Developer/Toolchains/XcodeDefault.xctoolchain/usr/bin/clang -arch armv7 -miphoneos-version-min=5.1 -isysroot /Applications/Xcode.app/Contents/Developer/Platforms/iPhoneOS.platform/Developer/SDKs/iPhoneOS6.1.sdk accepts -g
configure:1923: checking for arm-apple-darwin10-ranlib
configure:1923: checking for arm-apple-darwin10-ranlib
configure:1958: checking for /Applications/Xcode.app/Contents/Developer/Platforms/iPhoneOS.platform/Developer/usr/bin/ar
configure:1993: checking for arm-apple-darwin10-as
configure:1993: checking for arm-apple-darwin10-as
configure:2028: checking for /Applications/Xcode.app/Contents/Developer/Platforms/iPhoneOS.platform/Developer/usr/bin/ld
configure:2063: checking for /Applications/Xcode.app/Contents/Developer/Platforms/iPhoneOS.platform/Developer/usr/bin/strip
configure:2098: checking for arm-apple-darwin10-windres
configure:2098: checking for arm-apple-darwin10-windres
configure:2848: checking for gcc -pipe support
configure:2900: checking whether C compiler supports -fprofile-generate
configure:2909: /Applications/Xcode.app/Contents/Developer/Toolchains/XcodeDefault.xctoolchain/usr/bin/clang -arch armv7 -miphoneos-version-min=5.1 -isysroot /Applications/Xcode.app/Contents/Developer/Platforms/iPhoneOS.platform/Developer/SDKs/iPhoneOS6.1.sdk -c  -fprofile-generate -fprofile-correction  conftest.c 1>&5
clang: warning: argument unused during compilation: '-fprofile-generate'
clang: warning: argument unused during compilation: '-fprofile-correction'
configure:2932: checking for visibility(hidden) attribute
configure:2956: checking for visibility pragma support
configure:3009: checking for perl5
configure:3338: /Applications/Xcode.app/Contents/Developer/Toolchains/XcodeDefault.xctoolchain/usr/bin/clang -arch armv7 -miphoneos-version-min=5.1 -isysroot /Applications/Xcode.app/Contents/Developer/Platforms/iPhoneOS.platform/Developer/SDKs/iPhoneOS6.1.sdk -c   conftest.c 1>&5
configure:3861: checking for crt_externs.h
configure:3871:   conftest.c >/dev/null 2>conftest.out
./configure: line 3878: conftest.c: command not found
configure: failed program was:
#line 3866 "configure"
#include "confdefs.h"
#include <crt_externs.h>
configure:5563: checking whether /Applications/Xcode.app/Contents/Developer/Toolchains/XcodeDefault.xctoolchain/usr/bin/clang -arch armv7 -miphoneos-version-min=5.1 -isysroot /Applications/Xcode.app/Contents/Developer/Platforms/iPhoneOS.platform/Developer/SDKs/iPhoneOS6.1.sdk needs -traditional
configure:5613: checking for lchown
configure:5613: checking for strerror
configure:5613: checking for dladdr
configure:5978: checking whether /Applications/Xcode.app/Contents/Developer/Toolchains/XcodeDefault.xctoolchain/usr/bin/clang -arch armv7 -miphoneos-version-min=5.1 -isysroot /Applications/Xcode.app/Contents/Developer/Platforms/iPhoneOS.platform/Developer/SDKs/iPhoneOS6.1.sdk accepts -pthread
